PRT1
82
203
4 0 3 (2064 -1008 128 ) (2064 -1024 128 ) (2064 -1024 144 ) (2064 -1008 144 ) 
4 0 2 (2064 -256 144 ) (2064 -256 128 ) (2064 -272 128 ) (2064 -272 144 ) 
4 0 1 (2064 -1024 496 ) (2064 -256 496 ) (2064 -256 144 ) (2064 -1024 144 ) 
4 1 33 (2048 -1024 144 ) (2048 -1024 176 ) (2048 -560 176 ) (2048 -560 144 ) 
4 1 30 (2048 -560 176 ) (2048 -448 176 ) (2048 -448 144 ) (2048 -560 144 ) 
4 1 28 (2048 -1024 176 ) (2048 -1024 184 ) (2048 -560 184 ) (2048 -560 176 ) 
4 1 26 (2048 -560 184 ) (2048 -448 184 ) (2048 -448 176 ) (2048 -560 176 ) 
4 1 22 (2048 -1024 184 ) (2048 -1024 496 ) (2048 -448 496 ) (2048 -448 184 ) 
4 1 4 (2048 -448 496 ) (2048 -256 496 ) (2048 -256 144 ) (2048 -448 144 ) 
4 1 3 (2048 -1024 144 ) (2048 -1008 144 ) (2064 -1008 144 ) (2064 -1024 144 ) 
4 1 2 (2048 -272 144 ) (2048 -256 144 ) (2064 -256 144 ) (2064 -272 144 ) 
4 2 5 (2048 -272 144 ) (2048 -256 144 ) (2048 -256 128 ) (2048 -272 128 ) 
4 3 35 (2048 -1024 128 ) (2048 -1024 144 ) (2048 -1008 144 ) (2048 -1008 128 ) 
4 4 30 (2048 -448 144 ) (2048 -448 176 ) (1264 -448 176 ) (1264 -448 144 ) 
4 4 26 (2048 -448 176 ) (2048 -448 184 ) (1264 -448 184 ) (1264 -448 176 ) 
4 4 22 (2048 -448 184 ) (2048 -448 496 ) (1264 -448 496 ) (1264 -448 184 ) 
4 4 6 (1264 -448 144 ) (1264 -448 496 ) (1264 -256 496 ) (1264 -256 144 ) 
4 4 5 (1264 -272 144 ) (1264 -256 144 ) (2048 -256 144 ) (2048 -272 144 ) 
4 5 6 (1264 -256 128 ) (1264 -272 128 ) (1264 -272 144 ) (1264 -256 144 ) 
4 6 30 (1248 -448 176 ) (1248 -448 144 ) (1264 -448 144 ) (1264 -448 176 ) 
4 6 26 (1248 -448 184 ) (1248 -448 176 ) (1264 -448 176 ) (1264 -448 184 ) 
4 6 22 (1248 -448 496 ) (1248 -448 184 ) (1264 -448 184 ) (1264 -448 496 ) 
4 6 7 (1248 -432 128 ) (1248 -448 128 ) (1248 -448 512 ) (1248 -432 512 ) 
4 7 30 (1184 -448 176 ) (1184 -448 144 ) (1248 -448 144 ) (1248 -448 176 ) 
4 7 26 (1184 -448 184 ) (1184 -448 176 ) (1248 -448 176 ) (1248 -448 184 ) 
4 7 22 (1184 -448 496 ) (1184 -448 184 ) (1248 -448 184 ) (1248 -448 496 ) 
4 7 20 (1184 -432 128 ) (1184 -448 128 ) (1184 -448 144 ) (1184 -432 144 ) 
4 7 15 (1184 -448 144 ) (1184 -448 288 ) (1184 -432 288 ) (1184 -432 144 ) 
4 7 12 (1184 -448 304 ) (1184 -448 336 ) (1184 -432 336 ) (1184 -432 304 ) 
4 7 13 (1184 -448 288 ) (1184 -448 304 ) (1184 -432 304 ) (1184 -432 288 ) 
4 7 8 (1184 -448 336 ) (1184 -448 512 ) (1184 -432 512 ) (1184 -432 336 ) 
4 8 22 (1168 -448 496 ) (1168 -448 336 ) (1184 -448 336 ) (1184 -448 496 ) 
4 8 12 (1184 -416 336 ) (1184 -448 336 ) (1168 -448 336 ) (1168 -416 336 ) 
4 8 10 (1168 -256 336 ) (1184 -256 336 ) (1184 -272 336 ) (1168 -272 336 ) 
4 8 11 (1184 -304 336 ) (1184 -384 336 ) (1168 -384 336 ) (1168 -304 336 ) 
4 8 9 (1168 -256 336 ) (1168 -448 336 ) (1168 -448 496 ) (1168 -256 496 ) 
4 9 22 (1152 -448 496 ) (1152 -448 336 ) (1168 -448 336 ) (1168 -448 496 ) 
4 9 14 (1152 -448 352 ) (1152 -448 496 ) (1152 -256 496 ) (1152 -256 352 ) 
4 9 12 (1152 -448 336 ) (1152 -416 336 ) (1168 -416 336 ) (1168 -448 336 ) 
4 9 10 (1152 -272 336 ) (1152 -256 336 ) (1168 -256 336 ) (1168 -272 336 ) 
4 9 11 (1152 -384 336 ) (1152 -304 336 ) (1168 -304 336 ) (1168 -384 336 ) 
4 10 13 (1152 -272 304 ) (1152 -256 304 ) (1184 -256 304 ) (1184 -272 304 ) 
4 11 13 (1152 -384 304 ) (1152 -304 304 ) (1184 -304 304 ) (1184 -384 304 ) 
4 12 22 (1152 -448 336 ) (1152 -448 304 ) (1184 -448 304 ) (1184 -448 336 ) 
4 12 13 (1152 -448 304 ) (1152 -416 304 ) (1184 -416 304 ) (1184 -448 304 ) 
4 13 22 (1152 -448 304 ) (1152 -448 288 ) (1184 -448 288 ) (1184 -448 304 ) 
4 13 15 (1152 -256 288 ) (1184 -256 288 ) (1184 -448 288 ) (1152 -448 288 ) 
4 14 41 (1024 -448 352 ) (1024 -448 496 ) (1024 -256 496 ) (1024 -256 352 ) 
4 14 23 (1024 -448 496 ) (1024 -448 352 ) (1152 -448 352 ) (1152 -448 496 ) 
4 15 30 (1152 -448 144 ) (1184 -448 144 ) (1184 -448 176 ) (1152 -448 176 ) 
4 15 26 (1184 -448 176 ) (1184 -448 184 ) (1168 -448 184 ) (1168 -448 176 ) 
4 15 22 (1184 -448 184 ) (1184 -448 288 ) (1152 -448 288 ) (1152 -448 184 ) 
4 15 21 (1152 -256 144 ) (1168 -256 144 ) (1168 -272 144 ) (1152 -272 144 ) 
4 15 20 (1168 -256 144 ) (1184 -256 144 ) (1184 -448 144 ) (1168 -448 144 ) 
4 15 17 (1152 -432 144 ) (1152 -448 144 ) (1152 -448 288 ) (1152 -432 288 ) 
4 15 16 (1152 -256 144 ) (1152 -288 144 ) (1152 -288 288 ) (1152 -256 288 ) 
4 16 21 (1120 -256 144 ) (1152 -256 144 ) (1152 -272 144 ) (1120 -272 144 ) 
4 16 18 (1120 -256 144 ) (1120 -288 144 ) (1120 -288 288 ) (1120 -256 288 ) 
4 17 31 (1120 -448 144 ) (1152 -448 144 ) (1152 -448 176 ) (1120 -448 176 ) 
4 17 24 (1152 -448 184 ) (1152 -448 288 ) (1120 -448 288 ) (1120 -448 184 ) 
4 17 19 (1120 -432 144 ) (1120 -448 144 ) (1120 -448 288 ) (1120 -432 288 ) 
4 18 48 (1024 -400 288 ) (1024 -256 288 ) (1024 -256 144 ) (1024 -400 144 ) 
4 18 21 (1024 -256 144 ) (1120 -256 144 ) (1120 -272 144 ) (1024 -272 144 ) 
4 19 49 (1024 -448 144 ) (1024 -448 288 ) (1024 -432 288 ) (1024 -432 144 ) 
4 19 31 (1104 -448 144 ) (1120 -448 144 ) (1120 -448 176 ) (1104 -448 176 ) 
4 19 32 (1024 -448 176 ) (1024 -448 144 ) (1104 -448 144 ) (1104 -448 176 ) 
4 19 27 (1024 -448 184 ) (1024 -448 176 ) (1104 -448 176 ) (1104 -448 184 ) 
4 19 24 (1024 -448 288 ) (1024 -448 184 ) (1120 -448 184 ) (1120 -448 288 ) 
4 20 21 (1168 -256 128 ) (1168 -272 128 ) (1168 -272 144 ) (1168 -256 144 ) 
4 21 63 (1024 -272 144 ) (1024 -256 144 ) (1024 -256 128 ) (1024 -272 128 ) 
4 22 39 (1280 -1024 464 ) (1152 -1024 464 ) (1152 -1024 336 ) (1280 -1024 336 ) 
4 22 37 (1792 -1024 464 ) (1568 -1024 464 ) (1568 -1024 336 ) (1792 -1024 336 ) 
4 22 38 (1536 -1024 464 ) (1312 -1024 464 ) (1312 -1024 336 ) (1536 -1024 336 ) 
4 22 36 (2048 -1024 336 ) (2048 -1024 464 ) (1824 -1024 464 ) (1824 -1024 336 ) 
4 22 29 (1168 -1024 184 ) (1152 -1024 184 ) (1152 -624 184 ) (1168 -624 184 ) 
4 22 28 (2048 -560 184 ) (2048 -1024 184 ) (1168 -1024 184 ) (1168 -560 184 ) 
4 22 26 (1168 -448 184 ) (2048 -448 184 ) (2048 -560 184 ) (1168 -560 184 ) 
4 22 23 (1152 -608 352 ) (1152 -608 496 ) (1152 -448 496 ) (1152 -448 352 ) 
4 22 24 (1152 -448 184 ) (1152 -608 184 ) (1152 -608 288 ) (1152 -448 288 ) 
4 22 25 (1152 -608 184 ) (1152 -1024 184 ) (1152 -1024 496 ) (1152 -608 496 ) 
4 23 41 (1024 -608 496 ) (1024 -448 496 ) (1024 -448 352 ) (1024 -608 352 ) 
4 23 25 (1152 -608 352 ) (1152 -608 496 ) (1024 -608 496 ) (1024 -608 352 ) 
4 24 51 (1024 -560 184 ) (1024 -608 184 ) (1024 -608 288 ) (1024 -560 288 ) 
4 24 49 (1024 -448 288 ) (1024 -448 184 ) (1024 -560 184 ) (1024 -560 288 ) 
4 24 27 (1024 -448 184 ) (1104 -448 184 ) (1104 -560 184 ) (1024 -560 184 ) 
4 24 25 (1024 -608 184 ) (1152 -608 184 ) (1152 -608 288 ) (1024 -608 288 ) 
4 25 62 (1024 -1024 184 ) (1024 -1024 496 ) (1024 -656 496 ) (1024 -656 184 ) 
4 25 51 (1024 -608 288 ) (1024 -608 184 ) (1024 -624 184 ) (1024 -624 288 ) 
4 25 52 (1024 -624 184 ) (1024 -656 184 ) (1024 -656 288 ) (1024 -624 288 ) 
4 25 42 (1024 -656 496 ) (1024 -608 496 ) (1024 -608 288 ) (1024 -656 288 ) 
4 25 39 (1056 -1024 336 ) (1152 -1024 336 ) (1152 -1024 464 ) (1056 -1024 464 ) 
4 25 29 (1152 -624 184 ) (1152 -1024 184 ) (1024 -1024 184 ) (1024 -624 184 ) 
4 26 30 (1168 -448 176 ) (2048 -448 176 ) (2048 -560 176 ) (1168 -560 176 ) 
4 26 28 (1168 -560 176 ) (2048 -560 176 ) (2048 -560 184 ) (1168 -560 184 ) 
4 27 49 (1024 -560 184 ) (1024 -448 184 ) (1024 -448 176 ) (1024 -560 176 ) 
4 27 32 (1024 -560 176 ) (1024 -448 176 ) (1104 -448 176 ) (1104 -560 176 ) 
4 28 33 (2048 -1024 176 ) (1168 -1024 176 ) (1168 -560 176 ) (2048 -560 176 ) 
4 28 29 (1168 -624 176 ) (1168 -1024 176 ) (1168 -1024 184 ) (1168 -624 184 ) 
4 29 62 (1024 -1024 176 ) (1024 -1024 184 ) (1024 -656 184 ) (1024 -656 176 ) 
4 29 52 (1024 -656 184 ) (1024 -624 184 ) (1024 -624 176 ) (1024 -656 176 ) 
4 29 34 (1152 -1024 176 ) (1024 -1024 176 ) (1024 -624 176 ) (1152 -624 176 ) 
4 29 33 (1168 -1024 176 ) (1152 -1024 176 ) (1152 -624 176 ) (1168 -624 176 ) 
4 30 33 (1152 -560 144 ) (2048 -560 144 ) (2048 -560 176 ) (1152 -560 176 ) 
4 30 31 (1152 -448 144 ) (1152 -464 144 ) (1152 -464 176 ) (1152 -448 176 ) 
4 31 32 (1104 -448 144 ) (1104 -464 144 ) (1104 -464 176 ) (1104 -448 176 ) 
4 32 49 (1024 -560 176 ) (1024 -448 176 ) (1024 -448 144 ) (1024 -560 144 ) 
4 33 35 (2048 -1024 144 ) (1152 -1024 144 ) (1152 -1008 144 ) (2048 -1008 144 ) 
4 33 34 (1152 -608 144 ) (1152 -1024 144 ) (1152 -1024 176 ) (1152 -608 176 ) 
4 34 62 (1024 -1024 144 ) (1024 -1024 176 ) (1024 -656 176 ) (1024 -656 144 ) 
4 34 54 (1024 -656 176 ) (1024 -608 176 ) (1024 -608 144 ) (1024 -656 144 ) 
4 34 35 (1152 -1024 144 ) (1024 -1024 144 ) (1024 -1008 144 ) (1152 -1008 144 ) 
4 35 77 (1024 -1024 128 ) (1024 -1024 144 ) (1024 -1008 144 ) (1024 -1008 128 ) 
4 40 56 (576 -640 496 ) (576 -656 496 ) (576 -656 512 ) (576 -640 512 ) 
4 40 43 (592 -656 496 ) (576 -656 496 ) (576 -256 496 ) (592 -256 496 ) 
4 41 43 (608 -608 352 ) (608 -608 496 ) (608 -256 496 ) (608 -256 352 ) 
4 41 42 (608 -608 496 ) (608 -608 352 ) (1024 -608 352 ) (1024 -608 496 ) 
4 42 62 (1024 -656 288 ) (1024 -656 496 ) (608 -656 496 ) (608 -656 288 ) 
4 42 51 (608 -624 288 ) (608 -608 288 ) (1024 -608 288 ) (1024 -624 288 ) 
4 42 52 (1024 -656 288 ) (608 -656 288 ) (608 -624 288 ) (1024 -624 288 ) 
4 42 46 (608 -656 304 ) (608 -656 336 ) (608 -608 336 ) (608 -608 304 ) 
4 42 43 (608 -656 336 ) (608 -656 496 ) (608 -608 496 ) (608 -608 336 ) 
4 42 47 (608 -608 288 ) (608 -656 288 ) (608 -656 304 ) (608 -608 304 ) 
4 43 62 (608 -656 496 ) (576 -656 496 ) (576 -656 336 ) (608 -656 336 ) 
4 43 56 (576 -640 336 ) (576 -656 336 ) (576 -656 496 ) (576 -640 496 ) 
4 43 46 (576 -656 336 ) (576 -592 336 ) (608 -592 336 ) (608 -656 336 ) 
4 43 44 (576 -272 336 ) (576 -256 336 ) (608 -256 336 ) (608 -272 336 ) 
4 43 45 (576 -560 336 ) (576 -304 336 ) (608 -304 336 ) (608 -560 336 ) 
4 44 47 (576 -272 304 ) (576 -256 304 ) (608 -256 304 ) (608 -272 304 ) 
4 45 47 (576 -560 304 ) (576 -304 304 ) (608 -304 304 ) (608 -560 304 ) 
4 46 62 (576 -656 336 ) (576 -656 304 ) (608 -656 304 ) (608 -656 336 ) 
4 46 56 (576 -640 304 ) (576 -656 304 ) (576 -656 336 ) (576 -640 336 ) 
4 46 47 (576 -656 304 ) (576 -592 304 ) (608 -592 304 ) (608 -656 304 ) 
4 47 62 (576 -656 304 ) (576 -656 288 ) (608 -656 288 ) (608 -656 304 ) 
4 47 56 (576 -640 288 ) (576 -656 288 ) (576 -656 304 ) (576 -640 304 ) 
4 47 51 (592 -624 288 ) (592 -560 288 ) (608 -560 288 ) (608 -624 288 ) 
4 47 52 (608 -656 288 ) (592 -656 288 ) (592 -624 288 ) (608 -624 288 ) 
4 47 53 (592 -656 288 ) (576 -656 288 ) (576 -560 288 ) (592 -560 288 ) 
4 47 50 (576 -560 288 ) (576 -256 288 ) (608 -256 288 ) (608 -560 288 ) 
4 48 63 (672 -256 144 ) (1024 -256 144 ) (1024 -272 144 ) (672 -272 144 ) 
4 48 50 (672 -400 288 ) (672 -256 288 ) (672 -256 144 ) (672 -400 144 ) 
4 49 51 (1024 -560 288 ) (672 -560 288 ) (672 -560 184 ) (1024 -560 184 ) 
4 49 50 (672 -560 144 ) (672 -560 288 ) (672 -432 288 ) (672 -432 144 ) 
4 50 69 (592 -560 144 ) (576 -560 144 ) (576 -304 144 ) (592 -304 144 ) 
4 50 66 (592 -304 144 ) (576 -304 144 ) (576 -272 144 ) (592 -272 144 ) 
4 50 63 (576 -256 144 ) (672 -256 144 ) (672 -272 144 ) (576 -272 144 ) 
4 50 55 (576 -560 176 ) (576 -560 144 ) (608 -560 144 ) (608 -560 176 ) 
4 50 51 (672 -560 288 ) (592 -560 288 ) (592 -560 184 ) (672 -560 184 ) 
4 50 53 (592 -560 288 ) (576 -560 288 ) (576 -560 176 ) (592 -560 176 ) 
4 51 52 (592 -624 288 ) (592 -624 184 ) (1024 -624 184 ) (1024 -624 288 ) 
4 51 53 (592 -560 288 ) (592 -560 184 ) (592 -624 184 ) (592 -624 288 ) 
4 52 62 (1024 -656 176 ) (1024 -656 288 ) (592 -656 288 ) (592 -656 176 ) 
4 52 54 (1024 -656 176 ) (608 -656 176 ) (608 -624 176 ) (1024 -624 176 ) 
4 52 55 (608 -656 176 ) (592 -656 176 ) (592 -624 176 ) (608 -624 176 ) 
4 52 53 (592 -624 176 ) (592 -656 176 ) (592 -656 288 ) (592 -624 288 ) 
4 53 62 (592 -656 288 ) (576 -656 288 ) (576 -656 176 ) (592 -656 176 ) 
4 53 56 (576 -656 176 ) (576 -656 288 ) (576 -640 288 ) (576 -640 176 ) 
4 53 55 (592 -656 176 ) (576 -656 176 ) (576 -560 176 ) (592 -560 176 ) 
4 54 62 (608 -656 144 ) (1024 -656 144 ) (1024 -656 176 ) (608 -656 176 ) 
4 54 55 (608 -656 144 ) (608 -656 176 ) (608 -608 176 ) (608 -608 144 ) 
4 55 69 (592 -656 144 ) (576 -656 144 ) (576 -560 144 ) (592 -560 144 ) 
4 55 62 (576 -656 144 ) (608 -656 144 ) (608 -656 176 ) (576 -656 176 ) 
4 55 56 (576 -640 144 ) (576 -656 144 ) (576 -656 176 ) (576 -640 176 ) 
4 56 70 (576 -640 144 ) (576 -656 144 ) (512 -656 144 ) (512 -640 144 ) 
4 56 62 (512 -656 144 ) (576 -656 144 ) (576 -656 496 ) (512 -656 496 ) 
4 56 57 (512 -640 144 ) (512 -656 144 ) (512 -656 512 ) (512 -640 512 ) 
4 57 71 (512 -304 144 ) (512 -656 144 ) (496 -656 144 ) (496 -304 144 ) 
4 57 67 (512 -272 144 ) (512 -304 144 ) (496 -304 144 ) (496 -272 144 ) 
4 57 64 (496 -256 144 ) (512 -256 144 ) (512 -272 144 ) (496 -272 144 ) 
4 57 62 (496 -656 144 ) (512 -656 144 ) (512 -656 496 ) (496 -656 496 ) 
4 57 58 (496 -256 496 ) (496 -256 144 ) (496 -656 144 ) (496 -656 496 ) 
4 58 64 (368 -256 144 ) (496 -256 144 ) (496 -272 144 ) (368 -272 144 ) 
4 58 62 (368 -656 144 ) (496 -656 144 ) (496 -656 496 ) (368 -656 496 ) 
4 58 59 (368 -272 496 ) (368 -256 496 ) (368 -256 256 ) (368 -272 256 ) 
4 58 60 (368 -656 144 ) (368 -656 496 ) (368 -272 496 ) (368 -272 144 ) 
4 59 60 (272 -272 496 ) (272 -272 256 ) (368 -272 256 ) (368 -272 496 ) 
4 59 61 (272 -272 496 ) (272 -256 496 ) (272 -256 256 ) (272 -272 256 ) 
4 60 62 (272 -656 144 ) (368 -656 144 ) (368 -656 496 ) (272 -656 496 ) 
4 60 61 (272 -656 144 ) (272 -656 496 ) (272 -272 496 ) (272 -272 144 ) 
4 61 72 (48 -304 144 ) (240 -304 144 ) (240 -656 144 ) (48 -656 144 ) 
4 61 73 (0 -656 144 ) (0 -304 144 ) (16 -304 144 ) (16 -656 144 ) 
4 61 68 (0 -304 144 ) (0 -272 144 ) (16 -272 144 ) (16 -304 144 ) 
4 61 65 (0 -272 144 ) (0 -256 144 ) (272 -256 144 ) (272 -272 144 ) 
4 61 62 (0 -656 144 ) (272 -656 144 ) (272 -656 496 ) (0 -656 496 ) 
4 62 81 (256 -1024 464 ) (32 -1024 464 ) (32 -1024 336 ) (256 -1024 336 ) 
4 62 79 (768 -1024 464 ) (544 -1024 464 ) (544 -1024 336 ) (768 -1024 336 ) 
4 62 80 (512 -1024 464 ) (288 -1024 464 ) (288 -1024 336 ) (512 -1024 336 ) 
4 62 78 (1024 -1024 336 ) (1024 -1024 464 ) (800 -1024 464 ) (800 -1024 336 ) 
4 62 76 (0 -1008 144 ) (0 -976 144 ) (16 -976 144 ) (16 -1008 144 ) 
4 62 77 (1024 -1024 144 ) (0 -1024 144 ) (0 -1008 144 ) (1024 -1008 144 ) 
4 62 75 (0 -976 144 ) (0 -656 144 ) (16 -656 144 ) (16 -976 144 ) 
4 62 74 (48 -656 144 ) (240 -656 144 ) (240 -976 144 ) (48 -976 144 ) 
4 63 66 (576 -272 128 ) (592 -272 128 ) (592 -272 144 ) (576 -272 144 ) 
4 64 67 (496 -272 128 ) (512 -272 128 ) (512 -272 144 ) (496 -272 144 ) 
4 65 68 (0 -272 128 ) (16 -272 128 ) (16 -272 144 ) (0 -272 144 ) 
4 66 69 (576 -304 128 ) (592 -304 128 ) (592 -304 144 ) (576 -304 144 ) 
4 67 71 (496 -304 128 ) (512 -304 128 ) (512 -304 144 ) (496 -304 144 ) 
4 68 73 (0 -304 128 ) (16 -304 128 ) (16 -304 144 ) (0 -304 144 ) 
4 69 70 (576 -640 128 ) (576 -656 128 ) (576 -656 144 ) (576 -640 144 ) 
4 70 71 (512 -640 128 ) (512 -656 128 ) (512 -656 144 ) (512 -640 144 ) 
4 72 74 (48 -656 128 ) (240 -656 128 ) (240 -656 144 ) (48 -656 144 ) 
4 73 75 (0 -656 128 ) (16 -656 128 ) (16 -656 144 ) (0 -656 144 ) 
4 75 76 (0 -976 128 ) (16 -976 128 ) (16 -976 144 ) (0 -976 144 ) 
4 76 77 (0 -1008 128 ) (16 -1008 128 ) (16 -1008 144 ) (0 -1008 144 ) 
